<?xml version="1.0" encoding="UTF-8"?>
<testng-results total="5" passed="5" failed="0" skipped="0">
  <reporter-output>
  </reporter-output>
  <suite started-at="2022-12-19T23:48:49Z" name="All Test Suite" finished-at="2022-12-19T23:50:00Z" duration-ms="71329">
    <groups>
      <group name="SR-12120">
        <method signature="ElementTest.CompareProductPage()[pri:2, instance:ElementTest@4e4aea35]" name="CompareProductPage" class="ElementTest"/>
      </group> <!-- SR-12120 -->
      <group name="SR-12121">
        <method signature="ElementTest.Addtocart()[pri:3, instance:ElementTest@4e4aea35]" name="Addtocart" class="ElementTest"/>
      </group> <!-- SR-12121 -->
      <group name="SR-12111">
        <method signature="ElementTest.CompareCategory()[pri:1, instance:ElementTest@4e4aea35]" name="CompareCategory" class="ElementTest"/>
      </group> <!-- SR-12111 -->
      <group name="Final Buy">
        <method signature="ElementTest.Info()[pri:5, instance:ElementTest@4e4aea35]" name="Info" class="ElementTest"/>
      </group> <!-- Final Buy -->
      <group name="SR-12130">
        <method signature="ElementTest.LetsBuy()[pri:4, instance:ElementTest@4e4aea35]" name="LetsBuy" class="ElementTest"/>
      </group> <!-- SR-12130 -->
    </groups>
    <test started-at="2022-12-19T23:48:49Z" name="C:/Users/marti/IdeaProjects/Bootcamp Capstone Project" finished-at="2022-12-19T23:50:00Z" duration-ms="71329">
      <class name="ElementTest">
        <test-method is-config="true" signature="RunWebPage()[pri:0, instance:ElementTest@4e4aea35]" started-at="2022-12-19T15:48:49Z" name="RunWebPage" finished-at="2022-12-19T15:48:50Z" duration-ms="1397" status="PASS">
          <reporter-output>
          </reporter-output>
        </test-method> <!-- RunWebPage -->
        <test-method signature="CompareCategory()[pri:1, instance:ElementTest@4e4aea35]" started-at="2022-12-19T15:48:50Z" name="CompareCategory" finished-at="2022-12-19T15:49:10Z" duration-ms="19747" status="PASS">
          <reporter-output>
          </reporter-output>
        </test-method> <!-- CompareCategory -->
        <test-method is-config="true" signature="RunWebPage()[pri:0, instance:ElementTest@4e4aea35]" started-at="2022-12-19T15:49:10Z" name="RunWebPage" finished-at="2022-12-19T15:49:10Z" duration-ms="666" status="PASS">
          <reporter-output>
          </reporter-output>
        </test-method> <!-- RunWebPage -->
        <test-method signature="CompareProductPage()[pri:2, instance:ElementTest@4e4aea35]" started-at="2022-12-19T15:49:10Z" name="CompareProductPage" finished-at="2022-12-19T15:49:16Z" duration-ms="5804" status="PASS">
          <reporter-output>
          </reporter-output>
        </test-method> <!-- CompareProductPage -->
        <test-method is-config="true" signature="RunWebPage()[pri:0, instance:ElementTest@4e4aea35]" started-at="2022-12-19T15:49:16Z" name="RunWebPage" finished-at="2022-12-19T15:49:17Z" duration-ms="748" status="PASS">
          <reporter-output>
          </reporter-output>
        </test-method> <!-- RunWebPage -->
        <test-method signature="Addtocart()[pri:3, instance:ElementTest@4e4aea35]" started-at="2022-12-19T15:49:17Z" name="Addtocart" finished-at="2022-12-19T15:49:22Z" duration-ms="5348" status="PASS">
          <reporter-output>
          </reporter-output>
        </test-method> <!-- Addtocart -->
        <test-method is-config="true" signature="RunWebPage()[pri:0, instance:ElementTest@4e4aea35]" started-at="2022-12-19T15:49:22Z" name="RunWebPage" finished-at="2022-12-19T15:49:23Z" duration-ms="714" status="PASS">
          <reporter-output>
          </reporter-output>
        </test-method> <!-- RunWebPage -->
        <test-method signature="LetsBuy()[pri:4, instance:ElementTest@4e4aea35]" started-at="2022-12-19T15:49:23Z" name="LetsBuy" finished-at="2022-12-19T15:49:33Z" duration-ms="9639" status="PASS">
          <reporter-output>
          </reporter-output>
        </test-method> <!-- LetsBuy -->
        <test-method is-config="true" signature="RunWebPage()[pri:0, instance:ElementTest@4e4aea35]" started-at="2022-12-19T15:49:33Z" name="RunWebPage" finished-at="2022-12-19T15:49:33Z" duration-ms="670" status="PASS">
          <reporter-output>
          </reporter-output>
        </test-method> <!-- RunWebPage -->
        <test-method signature="Info()[pri:5, instance:ElementTest@4e4aea35]" started-at="2022-12-19T15:49:33Z" name="Info" finished-at="2022-12-19T15:50:00Z" duration-ms="26586" status="PASS">
          <reporter-output>
          </reporter-output>
        </test-method> <!-- Info -->
      </class> <!-- ElementTest -->
    </test> <!-- C:/Users/marti/IdeaProjects/Bootcamp Capstone Project -->
  </suite> <!-- All Test Suite -->
</testng-results>
